{
  "generated_at": "2026-07-08T00:11:23.864Z",
  "scope_file": "local-ignore/qa-evidence/20260708-w3-pr4-gate-fix/complete-secret-scan-scope-after-sanitization.txt",
  "files_scanned": 28,
  "scope_includes_historical_before_log": true,
  "scope_includes_final_scan_log": true,
  "patterns_scanned": [
    "raw_sentinel_access_token",
    "raw_sentinel_refresh_token",
    "bearer_authorization_value",
    "cookie_header",
    "api_key_assignment",
    "client_secret_assignment",
    "token_assignment"
  ],
  "match_count": 0,
  "raw_sentinel_match_count": 0,
  "verdict": "PASS",
  "remaining_matches": []
}
