A	.omo/evidence/20260706-b1-w1-gate-fix/00-git-status-before.txt
A	.omo/evidence/20260706-b1-w1-gate-fix/01-baseline-cargo-test.txt
A	.omo/evidence/20260706-b1-w1-gate-fix/02-cargo-fmt-check-post-split.txt
A	.omo/evidence/20260706-b1-w1-gate-fix/03-post-split-cargo-test.txt
A	.omo/evidence/20260706-b1-w1-gate-fix/04-rust-split-diff.txt
A	.omo/evidence/20260706-b1-w1-gate-fix/05-cargo-fmt-check-after-rustfmt.txt
A	.omo/evidence/20260706-b1-w1-gate-fix/06-loc-check-post-split.txt
A	.omo/evidence/20260706-b1-w1-gate-fix/07-cargo-test-senpi-pty-locked.txt
A	.omo/evidence/20260706-b1-w1-gate-fix/08-cargo-clippy-senpi-pty-all-targets.txt
A	.omo/evidence/20260706-b1-w1-gate-fix/09-npm-test-pi-pty.txt
A	.omo/evidence/20260706-b1-w1-gate-fix/10-npm-check-prebuild-pi-pty.txt
A	.omo/evidence/20260706-b1-w1-gate-fix/10a-update-native-prebuild.txt
A	.omo/evidence/20260706-b1-w1-gate-fix/11-npm-run-check.txt
A	.omo/evidence/20260706-b1-w1-gate-fix/12-node-raw-native-lifecycle.txt
A	.omo/evidence/20260706-b1-w1-gate-fix/13-node-public-create-terminal-session-current.txt
A	.omo/evidence/20260706-b1-w1-gate-fix/14-git-status-before-staging.txt
A	.omo/evidence/20260706-b1-w1-gate-fix/15-owned-diff-before-staging.txt
A	.omo/evidence/20260706-b1-w1-gate-fix/16-staged-audit.txt
A	.omo/evidence/20260706-b1-w1-gate-fix/CLEANUP-RECEIPT.md
A	.omo/evidence/20260706-b1-w1-gate-fix/W1-MANUAL-QA-MATRIX.md
A	.omo/evidence/20260706-b1-w1-gate-fix/W1-NATIVE-CORE-SLOP-REVIEW.md
M	crates/senpi-pty/src/lib.rs
M	crates/senpi-pty/src/session.rs
A	crates/senpi-pty/src/session_threads.rs
M	packages/pty/native/prebuilds/darwin-arm64/senpi_pty.darwin-arm64.node
