.omo/evidence/20260706-b1-w6-gate-fix/02-local-release-test-initial.log
.omo/evidence/20260706-b1-w6-gate-fix/07-release-test-final.log
.omo/evidence/20260706-b1-w6-gate-fix/10-unstaged-snapshot.log
.omo/evidence/20260706-b1-w6-gate-fix/03-release-test-initial.log
.omo/evidence/20260706-b1-w6-gate-fix/12-local-release-test-post-check.log
.omo/evidence/20260706-b1-w6-gate-fix/06-local-release-test-final.log
.omo/evidence/20260706-b1-w6-gate-fix/19-evidence-file-audit.log
.omo/evidence/20260706-b1-w6-gate-fix/15-tmux-sessions.log
.omo/evidence/20260706-b1-w6-gate-fix/QA-SUMMARY.md
.omo/evidence/20260706-b1-w6-gate-fix/13-release-test-post-check.log
.omo/evidence/20260706-b1-w6-gate-fix/11-npm-run-check.log
.omo/evidence/20260706-b1-w6-gate-fix/CLEANUP-RECEIPT.md
.omo/evidence/20260706-b1-w6-gate-fix/14-mirroring-scan.log
.omo/evidence/20260706-b1-w6-gate-fix/01-old-test-weakness.log
.omo/evidence/20260706-b1-w6-gate-fix/04-local-release-test-rerun.log
.omo/evidence/20260706-b1-w6-gate-fix/old-test-weakness.mjs
.omo/evidence/20260706-b1-w6-gate-fix/w6-slop-code-review.md
.omo/evidence/20260706-b1-w6-gate-fix/17-cleanup-scan-final-filtered.log
.omo/evidence/20260706-b1-w6-gate-fix/18-status-before-staging.log
.omo/evidence/20260706-b1-w6-gate-fix/00-status-before.txt
.omo/evidence/20260706-b1-w6-gate-fix/08-check-prebuild-pty.log
.omo/evidence/20260706-b1-w6-gate-fix/05-status-before-verification.log
.omo/evidence/20260706-b1-w6-gate-fix/16-cleanup-scan-final.log
.omo/evidence/20260706-b1-w6-gate-fix/09-unrelated-staged-index-snapshot.log
