A	.omo/evidence/20260706-b1-w6-gate-fix/00-status-before.txt
A	.omo/evidence/20260706-b1-w6-gate-fix/01-old-test-weakness.log
A	.omo/evidence/20260706-b1-w6-gate-fix/02-local-release-test-initial.log
A	.omo/evidence/20260706-b1-w6-gate-fix/03-release-test-initial.log
A	.omo/evidence/20260706-b1-w6-gate-fix/04-local-release-test-rerun.log
A	.omo/evidence/20260706-b1-w6-gate-fix/05-status-before-verification.log
A	.omo/evidence/20260706-b1-w6-gate-fix/06-local-release-test-final.log
A	.omo/evidence/20260706-b1-w6-gate-fix/07-release-test-final.log
A	.omo/evidence/20260706-b1-w6-gate-fix/08-check-prebuild-pty.log
A	.omo/evidence/20260706-b1-w6-gate-fix/09-unrelated-staged-index-snapshot.log
A	.omo/evidence/20260706-b1-w6-gate-fix/10-unstaged-snapshot.log
A	.omo/evidence/20260706-b1-w6-gate-fix/11-npm-run-check.log
A	.omo/evidence/20260706-b1-w6-gate-fix/12-local-release-test-post-check.log
A	.omo/evidence/20260706-b1-w6-gate-fix/13-release-test-post-check.log
A	.omo/evidence/20260706-b1-w6-gate-fix/14-mirroring-scan.log
A	.omo/evidence/20260706-b1-w6-gate-fix/15-tmux-sessions.log
A	.omo/evidence/20260706-b1-w6-gate-fix/16-cleanup-scan-final.log
A	.omo/evidence/20260706-b1-w6-gate-fix/17-cleanup-scan-final-filtered.log
A	.omo/evidence/20260706-b1-w6-gate-fix/18-status-before-staging.log
A	.omo/evidence/20260706-b1-w6-gate-fix/19-evidence-file-audit.log
A	.omo/evidence/20260706-b1-w6-gate-fix/20-owned-test-diff-before-staging.log
A	.omo/evidence/20260706-b1-w6-gate-fix/21-empty-evidence-scan.log
A	.omo/evidence/20260706-b1-w6-gate-fix/22-owned-staged-audit.log
A	.omo/evidence/20260706-b1-w6-gate-fix/23-owned-staged-audit-final.log
A	.omo/evidence/20260706-b1-w6-gate-fix/CLEANUP-RECEIPT.md
A	.omo/evidence/20260706-b1-w6-gate-fix/QA-SUMMARY.md
A	.omo/evidence/20260706-b1-w6-gate-fix/old-test-weakness.mjs
A	.omo/evidence/20260706-b1-w6-gate-fix/w6-slop-code-review.md
M	scripts/local-release.test.mjs
M	scripts/release.test.mjs
