A  .omo/evidence/20260706-b1-w6-gate-fix/00-status-before.txt
A  .omo/evidence/20260706-b1-w6-gate-fix/01-old-test-weakness.log
A  .omo/evidence/20260706-b1-w6-gate-fix/02-local-release-test-initial.log
A  .omo/evidence/20260706-b1-w6-gate-fix/03-release-test-initial.log
A  .omo/evidence/20260706-b1-w6-gate-fix/04-local-release-test-rerun.log
A  .omo/evidence/20260706-b1-w6-gate-fix/05-status-before-verification.log
A  .omo/evidence/20260706-b1-w6-gate-fix/06-local-release-test-final.log
A  .omo/evidence/20260706-b1-w6-gate-fix/07-release-test-final.log
A  .omo/evidence/20260706-b1-w6-gate-fix/08-check-prebuild-pty.log
A  .omo/evidence/20260706-b1-w6-gate-fix/09-unrelated-staged-index-snapshot.log
A  .omo/evidence/20260706-b1-w6-gate-fix/10-unstaged-snapshot.log
A  .omo/evidence/20260706-b1-w6-gate-fix/11-npm-run-check.log
A  .omo/evidence/20260706-b1-w6-gate-fix/12-local-release-test-post-check.log
A  .omo/evidence/20260706-b1-w6-gate-fix/13-release-test-post-check.log
A  .omo/evidence/20260706-b1-w6-gate-fix/14-mirroring-scan.log
A  .omo/evidence/20260706-b1-w6-gate-fix/15-tmux-sessions.log
A  .omo/evidence/20260706-b1-w6-gate-fix/16-cleanup-scan-final.log
A  .omo/evidence/20260706-b1-w6-gate-fix/17-cleanup-scan-final-filtered.log
A  .omo/evidence/20260706-b1-w6-gate-fix/18-status-before-staging.log
A  .omo/evidence/20260706-b1-w6-gate-fix/19-evidence-file-audit.log
A  .omo/evidence/20260706-b1-w6-gate-fix/20-owned-test-diff-before-staging.log
A  .omo/evidence/20260706-b1-w6-gate-fix/21-empty-evidence-scan.log
A  .omo/evidence/20260706-b1-w6-gate-fix/22-owned-staged-audit.log
A  .omo/evidence/20260706-b1-w6-gate-fix/23-owned-staged-audit-final.log
A  .omo/evidence/20260706-b1-w6-gate-fix/CLEANUP-RECEIPT.md
A  .omo/evidence/20260706-b1-w6-gate-fix/QA-SUMMARY.md
A  .omo/evidence/20260706-b1-w6-gate-fix/old-test-weakness.mjs
A  .omo/evidence/20260706-b1-w6-gate-fix/w6-slop-code-review.md
M  scripts/local-release.test.mjs
M  scripts/release.test.mjs
?? .omo/evidence/20260706-b1-audit-w0-foundations.md
?? .omo/evidence/20260706-b1-audit-w1-native-core-retry.md
?? .omo/evidence/20260706-b1-audit-w1-native-core.md
?? .omo/evidence/20260706-b1-audit-w2-runtime-retry.md
?? .omo/evidence/20260706-b1-audit-w2-runtime.md
?? .omo/evidence/20260706-b1-audit-w6-packaging-retry.md
?? .omo/evidence/20260706-b1-audit-w6-packaging.md
?? .omo/evidence/20260706-b1-final-audit-w0.md
?? .omo/evidence/20260706-b1-final-audit-w6.md
?? .omo/evidence/20260706-b1-final-verification-qa/
?? .omo/evidence/20260706-b1-todo1-stop-hook-2/
?? .omo/evidence/20260706-b1-todo1-stop-hook-3/
?? .omo/evidence/20260706-b1-todo1-stop-hook/
?? .omo/evidence/20260706-b1-todo13-stop-hook-verify-2/
?? .omo/evidence/20260706-b1-todo13-stop-hook-verify-3/
?? .omo/evidence/20260706-b1-todo13-stop-hook-verify/
?? .omo/evidence/20260706-b1-todo15-stop-hook-verify-2/
?? .omo/evidence/20260706-b1-todo15-stop-hook-verify-3/
?? .omo/evidence/20260706-b1-todo15-stop-hook-verify/
?? .omo/evidence/20260706-b1-todo30-stop-hook-verify-2/
?? .omo/evidence/20260706-b1-todo30-stop-hook-verify-3/
?? .omo/evidence/20260706-b1-todo30-stop-hook-verify/
?? .omo/evidence/20260706-b1-todo31-stop-hook-verify-2/
?? .omo/evidence/20260706-b1-todo31-stop-hook-verify-3/
?? .omo/evidence/20260706-b1-todo31-stop-hook-verify/
?? .omo/evidence/20260706-b1-todo9-stop-hook-verify-2/
?? .omo/evidence/20260706-b1-todo9-stop-hook-verify-3/
?? .omo/evidence/20260706-b1-todo9-stop-hook-verify/
?? .omo/evidence/20260706-b1-w1-gate-fix-stop-hook-verify/
?? .omo/evidence/20260706-b1-w1-gate-fix/17-git-status-after-commit.txt
?? .omo/evidence/20260706-b1-w1-gate-fix/18-commit-receipt.txt
?? .omo/evidence/20260706-b1-w2-runtime-stop-hook-verify-2/
?? .omo/evidence/20260706-b1-w2-runtime-stop-hook-verify-3/
?? .omo/evidence/20260706-b1-w2-runtime-stop-hook-verify/
?? .omo/evidence/20260706-b1-w6-packaging-stop-hook-2/
?? .omo/evidence/20260706-b1-w6-packaging-stop-hook-3/
?? .omo/evidence/20260706-b1-w6-packaging-stop-hook/
?? .omo/evidence/20260706-check-prebuild-stop-hook-verify/
?? .omo/evidence/20260706-persistent-terminal-b1/todo-11-loader-stop-hook-2/
?? .omo/evidence/20260706-persistent-terminal-b1/todo-11-loader-stop-hook-3/
?? .omo/evidence/20260706-persistent-terminal-b1/todo-11-loader-stop-hook/
?? .omo/evidence/20260706-persistent-terminal-b1/todo-12-gate-fix-stop-hook-verify-2/
?? .omo/evidence/20260706-persistent-terminal-b1/todo-12-gate-fix-stop-hook-verify-3/
?? .omo/evidence/20260706-persistent-terminal-b1/todo-12-gate-fix-stop-hook-verify/
?? .omo/evidence/20260706-persistent-terminal-b1/todo-12-gate-review.md
?? .omo/evidence/20260706-persistent-terminal-b1/todo-12-stop-hook-verification-2/
?? .omo/evidence/20260706-persistent-terminal-b1/todo-12-stop-hook-verification-3/
?? .omo/evidence/20260706-persistent-terminal-b1/todo-12-stop-hook-verification/
?? .omo/evidence/20260706-persistent-terminal-b1/todo-14-screen-model-fix/summary.md
?? .omo/evidence/20260706-persistent-terminal-b1/todo-14-stop-hook-verification-1/
?? .omo/evidence/20260706-persistent-terminal-b1/todo-14-stop-hook-verification-2/
?? .omo/evidence/20260706-persistent-terminal-b1/todo-14-stop-hook-verification-3/
?? .omo/evidence/20260706-persistent-terminal-b1/todo-2-stop-hook-verification-2/
?? .omo/evidence/20260706-persistent-terminal-b1/todo-2-stop-hook-verification-3/
?? .omo/evidence/20260706-persistent-terminal-b1/todo-2-stop-hook-verification/
?? .omo/evidence/20260706-persistent-terminal-b1/todo-3-native-workflow-stop-hook-2/
?? .omo/evidence/20260706-persistent-terminal-b1/todo-3-native-workflow-stop-hook-3/
?? .omo/evidence/20260706-persistent-terminal-b1/todo-3-native-workflow-stop-hook/
?? .omo/evidence/20260706-persistent-terminal-b1/todo-4-infra-sync-stop-hook-2/
?? .omo/evidence/20260706-persistent-terminal-b1/todo-4-infra-sync-stop-hook-3/
?? .omo/evidence/20260706-persistent-terminal-b1/todo-4-infra-sync-stop-hook/
?? .omo/evidence/20260706-persistent-terminal-b1/todo-6-7-stop-hook-2/
?? .omo/evidence/20260706-persistent-terminal-b1/todo-6-7-stop-hook-3/
?? .omo/evidence/20260706-persistent-terminal-b1/todo-6-7-stop-hook/
?? .omo/evidence/20260706-w1-native-audit-stop-hook-verify-1/
?? .omo/evidence/20260706-w1-native-audit-stop-hook-verify-2/
?? .omo/evidence/20260706-w1-native-audit-stop-hook-verify-3/
