$ clean HEAD copy; npm run check:prebuild --workspace @earendil-works/pi-pty

> @earendil-works/pi-pty@2026.7.5-2 check:prebuild
> node native/check-prebuild-fresh.mjs

   Compiling proc-macro2 v1.0.106
   Compiling quote v1.0.46
   Compiling unicode-ident v1.0.24
   Compiling cfg-if v1.0.4
   Compiling libc v0.2.174
   Compiling napi-build v2.3.2
   Compiling futures-core v0.3.32
   Compiling futures-sink v0.3.32
   Compiling cfg_aliases v0.1.1
   Compiling futures-io v0.3.32
   Compiling thiserror v1.0.69
   Compiling futures-task v0.3.32
   Compiling slab v0.4.12
   Compiling memchr v2.8.2
   Compiling pin-project-lite v0.2.17
   Compiling nix v0.28.0
   Compiling bitflags v2.13.0
   Compiling futures-channel v0.3.32
   Compiling unicode-segmentation v1.13.3
   Compiling anyhow v1.0.103
   Compiling libloading v0.9.0
   Compiling napi v3.10.3
   Compiling semver v1.0.28
   Compiling napi-sys v3.2.2
   Compiling senpi-pty v0.0.0 (/private/var/folders/h6/w548ypzn1k78_xqndn63y7xc0000gn/T/tmp.tbGDqVdeul/crates/senpi-pty)
   Compiling ctor v1.0.8
   Compiling nohash-hasher v0.2.0
   Compiling log v0.4.33
   Compiling shell-words v1.1.1
   Compiling rustc-hash v2.1.3
   Compiling convert_case v0.11.0
   Compiling downcast-rs v1.2.1
   Compiling syn v2.0.118
   Compiling napi-derive-backend v5.1.1
   Compiling serial2 v0.2.37
   Compiling futures-macro v0.3.32
   Compiling thiserror-impl v1.0.69
   Compiling futures-util v0.3.32
   Compiling napi-derive v3.5.9
   Compiling filedescriptor v0.8.3
   Compiling portable-pty v0.9.0
   Compiling futures-executor v0.3.32
   Compiling futures v0.3.32
    Finished `release` profile [optimized] target(s) in 9.09s
error: stale vendored prebuild for darwin-arm64: /private/var/folders/h6/w548ypzn1k78_xqndn63y7xc0000gn/T/tmp.tbGDqVdeul/packages/pty/native/prebuilds/darwin-arm64/senpi_pty.darwin-arm64.node differs from rebuilt /var/folders/h6/w548ypzn1k78_xqndn63y7xc0000gn/T/senpi-pty-prebuild-darwin-arm64-itp0dF/output/senpi_pty.darwin-arm64.node (aarch64-apple-darwin)
npm error Lifecycle script `check:prebuild` failed with error:
npm error code 1
npm error path /private/var/folders/h6/w548ypzn1k78_xqndn63y7xc0000gn/T/tmp.tbGDqVdeul/packages/pty
npm error workspace @earendil-works/pi-pty@2026.7.5-2
npm error location /private/var/folders/h6/w548ypzn1k78_xqndn63y7xc0000gn/T/tmp.tbGDqVdeul/packages/pty
npm error command failed
npm error command sh -c node native/check-prebuild-fresh.mjs

exit=1
