artifact_audit_started=2026-07-06T19:30:39+0900
empty_files_found=0
branch_check=0
commit_9bed_check=0
commit_f2ca_check=0
commit_957e_check=0
prebuild_fresh_check=0
prebuild_exit_check=0
node_loader_exit_check=0
node_loader_export_check=0
bun_loader_exit_check=0
bun_loader_export_check=0
pack_exit_check=0
pack_native_path_check=0
clippy_exit_check=0
cargo_test_exit_check=0
npm_test_exit_check=0
npm_build_exit_check=0
root_check_exit_check=0
root_neo_check=0
locked_build_check=0
locked_tmp_cleanup_check=0
doneclaim_nonempty_text=0
artifact_audit_completed=1
