node:internal/modules/run_main:107
    triggerUncaughtException(
    ^

Error [ERR_MODULE_NOT_FOUND]: Cannot find module '/private/tmp/packages/pty/dist/loader.js' imported from /private/tmp/senpi-w0-node-loader-probe.mjs
Did you mean to import "../../Volumes/mengmotaStorage/local-workspaces/senpi-wt/persistent-terminal-b1/packages/pty/dist/loader.js"?
    at finalizeResolution (node:internal/modules/esm/resolve:271:11)
    at moduleResolve (node:internal/modules/esm/resolve:861:10)
    at defaultResolve (node:internal/modules/esm/resolve:988:11)
    at #cachedDefaultResolve (node:internal/modules/esm/loader:700:20)
    at #resolveAndMaybeBlockOnLoaderThread (node:internal/modules/esm/loader:717:38)
    at ModuleLoader.resolveSync (node:internal/modules/esm/loader:749:52)
    at #resolve (node:internal/modules/esm/loader:682:17)
    at ModuleLoader.getOrCreateModuleJob (node:internal/modules/esm/loader:602:35)
    at ModuleJob.syncLink (node:internal/modules/esm/module_job:162:33)
    at ModuleJob.link (node:internal/modules/esm/module_job:252:17) {
  code: 'ERR_MODULE_NOT_FOUND',
  url: 'file:///private/tmp/packages/pty/dist/loader.js'
}

Node.js v26.0.0
exit=1
